<?xml version="1.0" encoding="UTF-8"?>
<!-- Generated by org.testng.reporters.JUnitReportReporter -->
<testsuite hostname="Srinu" failures="0" tests="1" name="com.mypackage.Test3" time="9.489" errors="0" timestamp="2021-07-17T12:25:07 IST" skipped="0">
  <testcase classname="com.mypackage.Test3" name="products" time="9.489"/>
  <system-out/>
</testsuite> <!-- com.mypackage.Test3 -->
