<?xml version="1.0" encoding="UTF-8"?>
<!-- Generated by org.testng.reporters.JUnitReportReporter -->
<testsuite hostname="Srinu" failures="0" tests="3" name="com.mypackage.Test2" time="0.012" errors="0" timestamp="2021-03-18T08:42:05 IST" skipped="0">
  <testcase classname="com.mypackage.Test2" name="test2" time="0.001"/>
  <system-out/>
  <testcase classname="com.mypackage.Test2" name="test1" time="0.007"/>
  <system-out/>
  <testcase classname="com.mypackage.Test2" name="test3" time="0.004"/>
  <system-out/>
</testsuite> <!-- com.mypackage.Test2 -->
