<?xml version="1.0" encoding="UTF-8"?>
<!-- Generated by org.testng.reporters.JUnitReportReporter -->
<testsuite hostname="Srinu" failures="0" tests="2" name="com.mypackage.Test1" time="12.204" errors="0" timestamp="2021-07-27T16:57:01 IST" skipped="0">
  <testcase classname="com.mypackage.Test1" name="gmail" time="6.214"/>
  <system-out/>
  <testcase classname="com.mypackage.Test1" name="products" time="5.990"/>
  <system-out/>
</testsuite> <!-- com.mypackage.Test1 -->
