<?xml version="1.0" encoding="UTF-8"?>
<!-- Generated by org.testng.reporters.JUnitReportReporter -->
<testsuite hostname="Srinu" failures="0" tests="2" name="com.mypackage.Test1" time="10.791" errors="0" timestamp="27 Jul 2021 11:42:01 GMT" skipped="0">
  <testcase classname="com.mypackage.Test1" name="products" time="5.499"/>
  <testcase classname="com.mypackage.Test1" name="gmail" time="5.292"/>
</testsuite> <!-- com.mypackage.Test1 -->
